  pch.cpp
  Dungeon.cpp
D:\Code\Game\Dungeon\Dungeon.cpp(277,7): warning C4101:  'flag': 未參考的區域變數
D:\Code\Game\Dungeon\Dungeon.cpp(1003,28): warning C4244:  '=': 將 'float' 轉換為 'int'，由於類型不同，可能導致資料遺失
D:\Code\Game\Dungeon\Dungeon.cpp(1059,26): warning C4244:  '=': 將 'float' 轉換為 'int'，由於類型不同，可能導致資料遺失
D:\Code\Game\Dungeon\Dungeon.cpp(1584,46): warning C4244:  '=': 將 'float' 轉換為 'int'，由於類型不同，可能導致資料遺失
D:\Code\Game\Dungeon\Dungeon.cpp(1588,48): warning C4244:  '=': 將 'float' 轉換為 'int'，由於類型不同，可能導致資料遺失
D:\Code\Game\Dungeon\Dungeon.cpp(1593,61): warning C4244:  '=': 將 'float' 轉換為 'int'，由於類型不同，可能導致資料遺失
D:\Code\Game\Dungeon\Dungeon.cpp(1698,10): warning C4566:  由通用字元名稱 '\u3053' 表示的字元，無法在目前的字碼頁中表示 (950)
D:\Code\Game\Dungeon\Dungeon.cpp(1698,10): warning C4566:  由通用字元名稱 '\u306E' 表示的字元，無法在目前的字碼頁中表示 (950)
D:\Code\Game\Dungeon\Dungeon.cpp(1698,10): warning C4566:  由通用字元名稱 '\u30B2' 表示的字元，無法在目前的字碼頁中表示 (950)
D:\Code\Game\Dungeon\Dungeon.cpp(1698,10): warning C4566:  由通用字元名稱 '\u30FC' 表示的字元，無法在目前的字碼頁中表示 (950)
D:\Code\Game\Dungeon\Dungeon.cpp(1698,10): warning C4566:  由通用字元名稱 '\u30E0' 表示的字元，無法在目前的字碼頁中表示 (950)
D:\Code\Game\Dungeon\Dungeon.cpp(1698,10): warning C4566:  由通用字元名稱 '\u306F' 表示的字元，無法在目前的字碼頁中表示 (950)
D:\Code\Game\Dungeon\Dungeon.cpp(1698,10): warning C4566:  由通用字元名稱 '\u30C0' 表示的字元，無法在目前的字碼頁中表示 (950)
D:\Code\Game\Dungeon\Dungeon.cpp(1698,10): warning C4566:  由通用字元名稱 '\u30F3' 表示的字元，無法在目前的字碼頁中表示 (950)
D:\Code\Game\Dungeon\Dungeon.cpp(1698,10): warning C4566:  由通用字元名稱 '\u30B8' 表示的字元，無法在目前的字碼頁中表示 (950)
D:\Code\Game\Dungeon\Dungeon.cpp(1698,10): warning C4566:  由通用字元名稱 '\u30E7' 表示的字元，無法在目前的字碼頁中表示 (950)
D:\Code\Game\Dungeon\Dungeon.cpp(1698,10): warning C4566:  由通用字元名稱 '\u5185' 表示的字元，無法在目前的字碼頁中表示 (950)
D:\Code\Game\Dungeon\Dungeon.cpp(1698,10): warning C4566:  由通用字元名稱 '\u3092' 表示的字元，無法在目前的字碼頁中表示 (950)
D:\Code\Game\Dungeon\Dungeon.cpp(1698,10): warning C4566:  由通用字元名稱 '\u3057' 表示的字元，無法在目前的字碼頁中表示 (950)
D:\Code\Game\Dungeon\Dungeon.cpp(1698,10): warning C4566:  由通用字元名稱 '\u306B' 表示的字元，無法在目前的字碼頁中表示 (950)
D:\Code\Game\Dungeon\Dungeon.cpp(1698,10): warning C4566:  由通用字元名稱 '\u3081' 表示的字元，無法在目前的字碼頁中表示 (950)
D:\Code\Game\Dungeon\Dungeon.cpp(1698,10): warning C4566:  由通用字元名稱 '\u305F' 表示的字元，無法在目前的字碼頁中表示 (950)
D:\Code\Game\Dungeon\Dungeon.cpp(1698,10): warning C4566:  由通用字元名稱 '\u3067' 表示的字元，無法在目前的字碼頁中表示 (950)
D:\Code\Game\Dungeon\Dungeon.cpp(1698,10): warning C4566:  由通用字元名稱 '\u4E89' 表示的字元，無法在目前的字碼頁中表示 (950)
D:\Code\Game\Dungeon\Dungeon.cpp(1698,10): warning C4566:  由通用字元名稱 '\u3044' 表示的字元，無法在目前的字碼頁中表示 (950)
D:\Code\Game\Dungeon\Dungeon.cpp(1698,10): warning C4566:  由通用字元名稱 '\u307E' 表示的字元，無法在目前的字碼頁中表示 (950)
D:\Code\Game\Dungeon\Dungeon.cpp(1698,10): warning C4566:  由通用字元名稱 '\u3059' 表示的字元，無法在目前的字碼頁中表示 (950)
D:\Code\Game\Dungeon\Dungeon.cpp(1699,10): warning C4566:  由通用字元名稱 '\u304C' 表示的字元，無法在目前的字碼頁中表示 (950)
D:\Code\Game\Dungeon\Dungeon.cpp(1699,10): warning C4566:  由通用字元名稱 '\u3042' 表示的字元，無法在目前的字碼頁中表示 (950)
D:\Code\Game\Dungeon\Dungeon.cpp(1699,10): warning C4566:  由通用字元名稱 '\u308A' 表示的字元，無法在目前的字碼頁中表示 (950)
D:\Code\Game\Dungeon\Dungeon.cpp(1699,10): warning C4566:  由通用字元名稱 '\u307E' 表示的字元，無法在目前的字碼頁中表示 (950)
D:\Code\Game\Dungeon\Dungeon.cpp(1699,10): warning C4566:  由通用字元名稱 '\u3059' 表示的字元，無法在目前的字碼頁中表示 (950)
D:\Code\Game\Dungeon\Dungeon.cpp(1699,10): warning C4566:  由通用字元名稱 '\u305A' 表示的字元，無法在目前的字碼頁中表示 (950)
D:\Code\Game\Dungeon\Dungeon.cpp(1699,10): warning C4566:  由通用字元名稱 '\u306F' 表示的字元，無法在目前的字碼頁中表示 (950)
D:\Code\Game\Dungeon\Dungeon.cpp(1699,10): warning C4566:  由通用字元名稱 '\u305D' 表示的字元，無法在目前的字碼頁中表示 (950)
D:\Code\Game\Dungeon\Dungeon.cpp(1699,10): warning C4566:  由通用字元名稱 '\u308C' 表示的字元，無法在目前的字碼頁中表示 (950)
D:\Code\Game\Dungeon\Dungeon.cpp(1699,10): warning C4566:  由通用字元名稱 '\u3092' 表示的字元，無法在目前的字碼頁中表示 (950)
D:\Code\Game\Dungeon\Dungeon.cpp(1699,10): warning C4566:  由通用字元名稱 '\u3057' 表示的字元，無法在目前的字碼頁中表示 (950)
D:\Code\Game\Dungeon\Dungeon.cpp(1699,10): warning C4566:  由通用字元名稱 '\u3087' 表示的字元，無法在目前的字碼頁中表示 (950)
D:\Code\Game\Dungeon\Dungeon.cpp(1699,10): warning C4566:  由通用字元名稱 '\u3046' 表示的字元，無法在目前的字碼頁中表示 (950)
D:\Code\Game\Dungeon\Dungeon.cpp(1700,10): warning C4566:  由通用字元名稱 '\u6761' 表示的字元，無法在目前的字碼頁中表示 (950)
D:\Code\Game\Dungeon\Dungeon.cpp(1701,10): warning C4566:  由通用字元名稱 '\u30FB' 表示的字元，無法在目前的字碼頁中表示 (950)
D:\Code\Game\Dungeon\Dungeon.cpp(1701,10): warning C4566:  由通用字元名稱 '\u3092' 表示的字元，無法在目前的字碼頁中表示 (950)
D:\Code\Game\Dungeon\Dungeon.cpp(1701,10): warning C4566:  由通用字元名稱 '\u6E80' 表示的字元，無法在目前的字碼頁中表示 (950)
D:\Code\Game\Dungeon\Dungeon.cpp(1701,10): warning C4566:  由通用字元名稱 '\u305F' 表示的字元，無法在目前的字碼頁中表示 (950)
D:\Code\Game\Dungeon\Dungeon.cpp(1701,10): warning C4566:  由通用字元名稱 '\u3057' 表示的字元，無法在目前的字碼頁中表示 (950)
D:\Code\Game\Dungeon\Dungeon.cpp(1701,10): warning C4566:  由通用字元名稱 '\u30C0' 表示的字元，無法在目前的字碼頁中表示 (950)
D:\Code\Game\Dungeon\Dungeon.cpp(1701,10): warning C4566:  由通用字元名稱 '\u30F3' 表示的字元，無法在目前的字碼頁中表示 (950)
D:\Code\Game\Dungeon\Dungeon.cpp(1701,10): warning C4566:  由通用字元名稱 '\u30B8' 表示的字元，無法在目前的字碼頁中表示 (950)
D:\Code\Game\Dungeon\Dungeon.cpp(1701,10): warning C4566:  由通用字元名稱 '\u30E7' 表示的字元，無法在目前的字碼頁中表示 (950)
D:\Code\Game\Dungeon\Dungeon.cpp(1701,10): warning C4566:  由通用字元名稱 '\u629C' 表示的字元，無法在目前的字碼頁中表示 (950)
D:\Code\Game\Dungeon\Dungeon.cpp(1701,10): warning C4566:  由通用字元名稱 '\u3051' 表示的字元，無法在目前的字碼頁中表示 (950)
D:\Code\Game\Dungeon\Dungeon.cpp(1701,10): warning C4566:  由通用字元名稱 '\u3059' 表示的字元，無法在目前的字碼頁中表示 (950)
D:\Code\Game\Dungeon\Dungeon.cpp(1702,10): warning C4566:  由通用字元名稱 '\u6761' 表示的字元，無法在目前的字碼頁中表示 (950)
D:\Code\Game\Dungeon\Dungeon.cpp(1703,10): warning C4566:  由通用字元名稱 '\u30FB' 表示的字元，無法在目前的字碼頁中表示 (950)
D:\Code\Game\Dungeon\Dungeon.cpp(1703,10): warning C4566:  由通用字元名稱 '\u306B' 表示的字元，無法在目前的字碼頁中表示 (950)
D:\Code\Game\Dungeon\Dungeon.cpp(1703,10): warning C4566:  由通用字元名稱 '\u6E80' 表示的字元，無法在目前的字碼頁中表示 (950)
D:\Code\Game\Dungeon\Dungeon.cpp(1703,10): warning C4566:  由通用字元名稱 '\u305F' 表示的字元，無法在目前的字碼頁中表示 (950)
D:\Code\Game\Dungeon\Dungeon.cpp(1703,10): warning C4566:  由通用字元名稱 '\u306A' 表示的字元，無法在目前的字碼頁中表示 (950)
D:\Code\Game\Dungeon\Dungeon.cpp(1703,10): warning C4566:  由通用字元名稱 '\u3044' 表示的字元，無法在目前的字碼頁中表示 (950)
D:\Code\Game\Dungeon\Dungeon.cpp(1703,10): warning C4566:  由通用字元名稱 '\u307E' 表示的字元，無法在目前的字碼頁中表示 (950)
D:\Code\Game\Dungeon\Dungeon.cpp(1703,10): warning C4566:  由通用字元名稱 '\u30C0' 表示的字元，無法在目前的字碼頁中表示 (950)
D:\Code\Game\Dungeon\Dungeon.cpp(1703,10): warning C4566:  由通用字元名稱 '\u30F3' 表示的字元，無法在目前的字碼頁中表示 (950)
D:\Code\Game\Dungeon\Dungeon.cpp(1703,10): warning C4566:  由通用字元名稱 '\u30B8' 表示的字元，無法在目前的字碼頁中表示 (950)
D:\Code\Game\Dungeon\Dungeon.cpp(1703,10): warning C4566:  由通用字元名稱 '\u30E7' 表示的字元，無法在目前的字碼頁中表示 (950)
D:\Code\Game\Dungeon\Dungeon.cpp(1703,10): warning C4566:  由通用字元名稱 '\u3092' 表示的字元，無法在目前的字碼頁中表示 (950)
D:\Code\Game\Dungeon\Dungeon.cpp(1703,10): warning C4566:  由通用字元名稱 '\u629C' 表示的字元，無法在目前的字碼頁中表示 (950)
D:\Code\Game\Dungeon\Dungeon.cpp(1703,10): warning C4566:  由通用字元名稱 '\u3051' 表示的字元，無法在目前的字碼頁中表示 (950)
D:\Code\Game\Dungeon\Dungeon.cpp(1703,10): warning C4566:  由通用字元名稱 '\u3059' 表示的字元，無法在目前的字碼頁中表示 (950)
D:\Code\Game\Dungeon\Dungeon.cpp(1704,10): warning C4566:  由通用字元名稱 '\u30FB' 表示的字元，無法在目前的字碼頁中表示 (950)
D:\Code\Game\Dungeon\Dungeon.cpp(1704,10): warning C4566:  由通用字元名稱 '\u304C' 表示的字元，無法在目前的字碼頁中表示 (950)
D:\Code\Game\Dungeon\Dungeon.cpp(1704,10): warning C4566:  由通用字元名稱 '\u306B' 表示的字元，無法在目前的字碼頁中表示 (950)
D:\Code\Game\Dungeon\Dungeon.cpp(1704,10): warning C4566:  由通用字元名稱 '\u306A' 表示的字元，無法在目前的字碼頁中表示 (950)
D:\Code\Game\Dungeon\Dungeon.cpp(1704,10): warning C4566:  由通用字元名稱 '\u308A' 表示的字元，無法在目前的字碼頁中表示 (950)
D:\Code\Game\Dungeon\Dungeon.cpp(1704,10): warning C4566:  由通用字元名稱 '\u3093' 表示的字元，無法在目前的字碼頁中表示 (950)
D:\Code\Game\Dungeon\Dungeon.cpp(1704,10): warning C4566:  由通用字元名稱 '\u3067' 表示的字元，無法在目前的字碼頁中表示 (950)
D:\Code\Game\Dungeon\Dungeon.cpp(1704,10): warning C4566:  由通用字元名稱 '\u3057' 表示的字元，無法在目前的字碼頁中表示 (950)
D:\Code\Game\Dungeon\Dungeon.cpp(1704,10): warning C4566:  由通用字元名稱 '\u307E' 表示的字元，無法在目前的字碼頁中表示 (950)
D:\Code\Game\Dungeon\Dungeon.cpp(1704,10): warning C4566:  由通用字元名稱 '\u3046' 表示的字元，無法在目前的字碼頁中表示 (950)
D:\Code\Game\Dungeon\Dungeon.cpp(1705,10): warning C4566:  由通用字元名稱 '\u305D' 表示的字元，無法在目前的字碼頁中表示 (950)
D:\Code\Game\Dungeon\Dungeon.cpp(1705,10): warning C4566:  由通用字元名稱 '\u306E' 表示的字元，無法在目前的字碼頁中表示 (950)
D:\Code\Game\Dungeon\Dungeon.cpp(1705,10): warning C4566:  由通用字元名稱 '\u30B9' 表示的字元，無法在目前的字碼頁中表示 (950)
D:\Code\Game\Dungeon\Dungeon.cpp(1705,10): warning C4566:  由通用字元名稱 '\u30B3' 表示的字元，無法在目前的字碼頁中表示 (950)
D:\Code\Game\Dungeon\Dungeon.cpp(1705,10): warning C4566:  由通用字元名稱 '\u30A2' 表示的字元，無法在目前的字碼頁中表示 (950)
D:\Code\Game\Dungeon\Dungeon.cpp(1705,10): warning C4566:  由通用字元名稱 '\u3082' 表示的字元，無法在目前的字碼頁中表示 (950)
D:\Code\Game\Dungeon\Dungeon.cpp(1705,10): warning C4566:  由通用字元名稱 '\u306B' 表示的字元，無法在目前的字碼頁中表示 (950)
D:\Code\Game\Dungeon\Dungeon.cpp(1705,10): warning C4566:  由通用字元名稱 '\u306A' 表示的字元，無法在目前的字碼頁中表示 (950)
D:\Code\Game\Dungeon\Dungeon.cpp(1705,10): warning C4566:  由通用字元名稱 '\u3063' 表示的字元，無法在目前的字碼頁中表示 (950)
D:\Code\Game\Dungeon\Dungeon.cpp(1705,10): warning C4566:  由通用字元名稱 '\u3066' 表示的字元，無法在目前的字碼頁中表示 (950)
D:\Code\Game\Dungeon\Dungeon.cpp(1705,10): warning C4566:  由通用字元名稱 '\u3057' 表示的字元，無法在目前的字碼頁中表示 (950)
D:\Code\Game\Dungeon\Dungeon.cpp(1705,10): warning C4566:  由通用字元名稱 '\u307E' 表示的字元，無法在目前的字碼頁中表示 (950)
D:\Code\Game\Dungeon\Dungeon.cpp(1705,10): warning C4566:  由通用字元名稱 '\u3046' 表示的字元，無法在目前的字碼頁中表示 (950)
D:\Code\Game\Dungeon\Dungeon.cpp(1705,10): warning C4566:  由通用字元名稱 '\u3067' 表示的字元，無法在目前的字碼頁中表示 (950)
D:\Code\Game\Dungeon\Dungeon.cpp(1705,10): warning C4566:  由通用字元名稱 '\u6C17' 表示的字元，無法在目前的字碼頁中表示 (950)
D:\Code\Game\Dungeon\Dungeon.cpp(1705,10): warning C4566:  由通用字元名稱 '\u3092' 表示的字元，無法在目前的字碼頁中表示 (950)
D:\Code\Game\Dungeon\Dungeon.cpp(1705,10): warning C4566:  由通用字元名稱 '\u3051' 表示的字元，無法在目前的字碼頁中表示 (950)
D:\Code\Game\Dungeon\Dungeon.cpp(1705,10): warning C4566:  由通用字元名稱 '\u3087' 表示的字元，無法在目前的字碼頁中表示 (950)
D:\Code\Game\Dungeon\Dungeon.cpp(1707,10): warning C4566:  由通用字元名稱 '\u30DE' 表示的字元，無法在目前的字碼頁中表示 (950)
D:\Code\Game\Dungeon\Dungeon.cpp(1707,10): warning C4566:  由通用字元名稱 '\u30C3' 表示的字元，無法在目前的字碼頁中表示 (950)
D:\Code\Game\Dungeon\Dungeon.cpp(1707,10): warning C4566:  由通用字元名稱 '\u30D7' 表示的字元，無法在目前的字碼頁中表示 (950)
D:\Code\Game\Dungeon\Dungeon.cpp(1707,10): warning C4566:  由通用字元名稱 '\u306E' 表示的字元，無法在目前的字碼頁中表示 (950)
D:\Code\Game\Dungeon\Dungeon.cpp(1707,10): warning C4566:  由通用字元名稱 '\u3081' 表示的字元，無法在目前的字碼頁中表示 (950)
D:\Code\Game\Dungeon\Dungeon.cpp(1707,10): warning C4566:  由通用字元名稱 '\u306A' 表示的字元，無法在目前的字碼頁中表示 (950)
D:\Code\Game\Dungeon\Dungeon.cpp(1707,10): warning C4566:  由通用字元名稱 '\u3044' 表示的字元，無法在目前的字碼頁中表示 (950)
D:\Code\Game\Dungeon\Dungeon.cpp(1707,10): warning C4566:  由通用字元名稱 '\u3084' 表示的字元，無法在目前的字碼頁中表示 (950)
D:\Code\Game\Dungeon\Dungeon.cpp(1707,10): warning C4566:  由通用字元名稱 '\u3092' 表示的字元，無法在目前的字碼頁中表示 (950)
D:\Code\Game\Dungeon\Dungeon.cpp(1707,10): warning C4566:  由通用字元名稱 '\u3059' 表示的字元，無法在目前的字碼頁中表示 (950)
D:\Code\Game\Dungeon\Dungeon.cpp(1708,10): warning C4566:  由通用字元名稱 '\u306E' 表示的字元，無法在目前的字碼頁中表示 (950)
D:\Code\Game\Dungeon\Dungeon.cpp(1708,10): warning C4566:  由通用字元名稱 '\u6A2A' 表示的字元，無法在目前的字碼頁中表示 (950)
D:\Code\Game\Dungeon\Dungeon.cpp(1708,10): warning C4566:  由通用字元名稱 '\u3092' 表示的字元，無法在目前的字碼頁中表示 (950)
D:\Code\Game\Dungeon\Dungeon.cpp(1708,10): warning C4566:  由通用字元名稱 '\u3059' 表示的字元，無法在目前的字碼頁中表示 (950)
D:\Code\Game\Dungeon\Dungeon.cpp(1709,10): warning C4566:  由通用字元名稱 '\u30B4' 表示的字元，無法在目前的字碼頁中表示 (950)
D:\Code\Game\Dungeon\Dungeon.cpp(1709,10): warning C4566:  由通用字元名稱 '\u30FC' 表示的字元，無法在目前的字碼頁中表示 (950)
D:\Code\Game\Dungeon\Dungeon.cpp(1709,10): warning C4566:  由通用字元名稱 '\u30EB' 表示的字元，無法在目前的字碼頁中表示 (950)
D:\Code\Game\Dungeon\Dungeon.cpp(1709,10): warning C4566:  由通用字元名稱 '\u3092' 表示的字元，無法在目前的字碼頁中表示 (950)
D:\Code\Game\Dungeon\Dungeon.cpp(1709,10): warning C4566:  由通用字元名稱 '\u3059' 表示的字元，無法在目前的字碼頁中表示 (950)
D:\Code\Game\Dungeon\Dungeon.cpp(1710,10): warning C4566:  由通用字元名稱 '\u30D7' 表示的字元，無法在目前的字碼頁中表示 (950)
D:\Code\Game\Dungeon\Dungeon.cpp(1710,10): warning C4566:  由通用字元名稱 '\u30EC' 表示的字元，無法在目前的字碼頁中表示 (950)
D:\Code\Game\Dungeon\Dungeon.cpp(1710,10): warning C4566:  由通用字元名稱 '\u30A4' 表示的字元，無法在目前的字碼頁中表示 (950)
D:\Code\Game\Dungeon\Dungeon.cpp(1710,10): warning C4566:  由通用字元名稱 '\u30E4' 表示的字元，無法在目前的字碼頁中表示 (950)
D:\Code\Game\Dungeon\Dungeon.cpp(1710,10): warning C4566:  由通用字元名稱 '\u30FC' 表示的字元，無法在目前的字碼頁中表示 (950)
D:\Code\Game\Dungeon\Dungeon.cpp(1710,10): warning C4566:  由通用字元名稱 '\u306E' 表示的字元，無法在目前的字碼頁中表示 (950)
D:\Code\Game\Dungeon\Dungeon.cpp(1710,10): warning C4566:  由通用字元名稱 '\u3092' 表示的字元，無法在目前的字碼頁中表示 (950)
D:\Code\Game\Dungeon\Dungeon.cpp(1710,10): warning C4566:  由通用字元名稱 '\u3059' 表示的字元，無法在目前的字碼頁中表示 (950)
D:\Code\Game\Dungeon\Dungeon.cpp(1711,10): warning C4566:  由通用字元名稱 '\u306E' 表示的字元，無法在目前的字碼頁中表示 (950)
D:\Code\Game\Dungeon\Dungeon.cpp(1711,10): warning C4566:  由通用字元名稱 '\u3092' 表示的字元，無法在目前的字碼頁中表示 (950)
  item.cpp
  map.cpp
  rank.cpp
  正在產生程式碼...
D:\Code\Game\Dungeon\Dungeon.cpp(1711,10): warning C4566:  由通用字元名稱 '\u3059' 表示的字元，無法在目前的字碼頁中表示 (950)
D:\Code\Game\Dungeon\Dungeon.cpp(1711,10): warning C4566: D:\Code\Game\Dungeon\item.cpp(365) : warning C4715: 'Damage': 不是所有控制路徑都傳回值
D:\Code\Game\Dungeon\Dungeon.cpp(1711,10): warning C4566: D:\Code\Game\Dungeon\Dungeon.cpp(1852) : warning C4715: 'PlayerEscape': 不是所有控制路徑都傳回值
  Dungeon.vcxproj -> D:\Code\Game\Debug\Dungeon.exe
